<?xml version="1.0" encoding="UTF-8"?>
<!-- Generated by org.testng.reporters.JUnitXMLReporter -->
<testsuite hostname="LAPTOP-PrabMish" ignored="0" name="Surefire test" tests="2" failures="0" timestamp="2020-11-13T20:24:03 IST" time="2.14" errors="0">
  <testcase name="iosApp on iosApp(qaclickacedemy.mavenJava.AppiumTest)" time="0.245" classname="qaclickacedemy.mavenJava.AppiumTest"/>
  <testcase name="nativeApp on nativeApp(qaclickacedemy.mavenJava.AppiumTest)" time="0.243" classname="qaclickacedemy.mavenJava.AppiumTest"/>
</testsuite> <!-- Surefire test -->
