<?xml version="1.0" encoding="UTF-8"?>
<!-- Generated by org.testng.reporters.JUnitXMLReporter -->
<testsuite hostname="LAPTOP-PrabMish" ignored="0" name="Test" tests="5" failures="0" timestamp="2020-11-13T23:30:21 IST" time="0.144" errors="0">
  <testcase name="iosApp" time="0.025" classname="qaclickacedemy.mavenJava.AppiumTest"/>
  <testcase name="nativeApp" time="0.002" classname="qaclickacedemy.mavenJava.AppiumTest"/>
  <testcase name="shouldAnswerWithTrue" time="0.014" classname="qaclickacedemy.mavenJava.AppTest"/>
  <testcase name="ElementsUI" time="0.0" classname="qaclickacedemy.mavenJava.SeleniumTest"/>
  <testcase name="browserAuto" time="0.0" classname="qaclickacedemy.mavenJava.SeleniumTest"/>
</testsuite> <!-- Test -->
