<?xml version="1.0" encoding="UTF-8"?>
<testsuite xmlns:xsi="http://www.w3.org/2001/XMLSchema-instance" xsi:noNamespaceSchemaLocation="https://maven.apache.org/surefire/maven-surefire-plugin/xsd/surefire-test-report.xsd" name="TestSuite" time="2.576" tests="5" errors="0" skipped="0" failures="0">
  <properties>
[...]
</properties>
  <testcase name="iosApp" classname="qaclickacedemy.mavenJava.AppiumTest" time="0.021"/>
  <testcase name="nativeApp" classname="qaclickacedemy.mavenJava.AppiumTest" time="0.011"/>
  <testcase name="shouldAnswerWithTrue" classname="qaclickacedemy.mavenJava.AppTest" time="0.015"/>
  <testcase name="ElementsUI" classname="qaclickacedemy.mavenJava.SeleniumTest" time="0.001"/>
  <testcase name="browserAuto" classname="qaclickacedemy.mavenJava.SeleniumTest" time="0.002"/>
</testsuite>