<?xml version="1.0" encoding="UTF-8"?>
<testng-results skipped="0" failed="0" ignored="0" total="5" passed="5">
  <reporter-output>
  </reporter-output>
  <suite name="Suite" duration-ms="144" started-at="2020-11-13T23:30:21 IST" finished-at="2020-11-13T23:30:21 IST">
    <groups>
    </groups>
    <test name="Test" duration-ms="144" started-at="2020-11-13T23:30:21 IST" finished-at="2020-11-13T23:30:21 IST">
      <class name="qaclickacedemy.mavenJava.SeleniumTest">
        <test-method status="PASS" signature="ElementsUI()[pri:0, instance:qaclickacedemy.mavenJava.SeleniumTest@1ed4004b]" name="ElementsUI" duration-ms="0" started-at="2020-11-13T23:30:21 IST" finished-at="2020-11-13T23:30:21 IST">
          <reporter-output>
          </reporter-output>
        </test-method> <!-- ElementsUI -->
        <test-method status="PASS" signature="browserAuto()[pri:0, instance:qaclickacedemy.mavenJava.SeleniumTest@1ed4004b]" name="browserAuto" duration-ms="0" started-at="2020-11-13T23:30:21 IST" finished-at="2020-11-13T23:30:21 IST">
          <reporter-output>
          </reporter-output>
        </test-method> <!-- browserAuto -->
      </class> <!-- qaclickacedemy.mavenJava.SeleniumTest -->
      <class name="qaclickacedemy.mavenJava.AppiumTest">
        <test-method status="PASS" signature="iosApp()[pri:0, instance:qaclickacedemy.mavenJava.AppiumTest@56ef9176]" name="iosApp" duration-ms="25" started-at="2020-11-13T23:30:21 IST" finished-at="2020-11-13T23:30:21 IST">
          <reporter-output>
          </reporter-output>
        </test-method> <!-- iosApp -->
        <test-method status="PASS" signature="nativeApp()[pri:0, instance:qaclickacedemy.mavenJava.AppiumTest@56ef9176]" name="nativeApp" duration-ms="2" started-at="2020-11-13T23:30:21 IST" finished-at="2020-11-13T23:30:21 IST">
          <reporter-output>
          </reporter-output>
        </test-method> <!-- nativeApp -->
      </class> <!-- qaclickacedemy.mavenJava.AppiumTest -->
      <class name="qaclickacedemy.mavenJava.AppTest">
        <test-method status="PASS" signature="shouldAnswerWithTrue()[pri:0, instance:qaclickacedemy.mavenJava.AppTest@4566e5bd]" name="shouldAnswerWithTrue" duration-ms="14" started-at="2020-11-13T23:30:21 IST" finished-at="2020-11-13T23:30:21 IST">
          <reporter-output>
          </reporter-output>
        </test-method> <!-- shouldAnswerWithTrue -->
      </class> <!-- qaclickacedemy.mavenJava.AppTest -->
    </test> <!-- Test -->
  </suite> <!-- Suite -->
</testng-results>
