<?xml version="1.0" encoding="UTF-8"?>
<!-- Generated by org.testng.reporters.JUnitXMLReporter -->
<testsuite hostname="LAPTOP-PrabMish" ignored="0" name="Surefire test" tests="5" failures="0" timestamp="2020-11-13T22:56:18 IST" time="0.446" errors="0">
  <testcase name="deleteTwitter on deleteTwitter(qaclickacedemy.mavenJava.APITest)" time="0.134" classname="qaclickacedemy.mavenJava.APITest"/>
  <testcase name="postJira on postJira(qaclickacedemy.mavenJava.APITest)" time="0.134" classname="qaclickacedemy.mavenJava.APITest"/>
  <testcase name="iosApp on iosApp(qaclickacedemy.mavenJava.AppiumTest)" time="0.001" classname="qaclickacedemy.mavenJava.AppiumTest"/>
  <testcase name="nativeApp on nativeApp(qaclickacedemy.mavenJava.AppiumTest)" time="0.002" classname="qaclickacedemy.mavenJava.AppiumTest"/>
  <testcase name="shouldAnswerWithTrue on shouldAnswerWithTrue(qaclickacedemy.mavenJava.AppTest)" time="0.001" classname="qaclickacedemy.mavenJava.AppTest"/>
</testsuite> <!-- Surefire test -->
